<?xml version="1.0" encoding="UTF-8"?>
<!-- Generated by org.testng.reporters.JUnitReportReporter -->
<testsuite hostname="idea-PC" name="com.acti.qa.base.DriverScript" tests="1" failures="0" timestamp="27 Aug 2019 14:30:30 GMT" time="6.453" errors="0">
  <testcase name="initBrowser" time="6.453" classname="com.acti.qa.base.DriverScript"/>
</testsuite> <!-- com.acti.qa.base.DriverScript -->
