<?xml version="1.0" encoding="UTF-8"?>
<!-- Generated by org.testng.reporters.JUnitReportReporter -->
<testsuite hostname="idea-PC" name="com.acti.qa.testcases.TC01_ActLP" tests="2" failures="0" timestamp="27 Aug 2019 15:37:55 GMT" time="26.321" errors="0">
  <testcase name="testValidateLogin" time="14.344" classname="com.acti.qa.testcases.TC01_ActLP"/>
  <testcase name="initBrowser" time="11.977" classname="com.acti.qa.testcases.TC01_ActLP"/>
</testsuite> <!-- com.acti.qa.testcases.TC01_ActLP -->
