<?xml version="1.0" encoding="UTF-8"?>
<!-- Generated by org.testng.reporters.JUnitReportReporter -->
<testsuite hostname="idea-PC" name="com.acti.qa.testcases.TC02_EnTP" tests="1" failures="0" timestamp="28 Aug 2019 02:11:43 GMT" time="12.699" errors="0">
  <testcase name="testVerifyTaskMenu" time="12.699" classname="com.acti.qa.testcases.TC02_EnTP"/>
</testsuite> <!-- com.acti.qa.testcases.TC02_EnTP -->
